<?xml version="1.0" encoding="UTF-8"?>
<!-- Generated by org.testng.reporters.JUnitXMLReporter -->
<testsuite hostname="CO-IT002705" ignored="0" name="ChromeTest" tests="1" failures="1" timestamp="19 sep 2019 18:46:55 GMT" time="34.244" errors="0">
  <testcase name="completeFormWithEmptyFieldsWhoIsTravelingTest" time="20.853" classname="com.globant.testing.exercise1.tests.buyTicketsBasicFlowTest">
    <failure type="org.openqa.selenium.TimeoutException" message="Expected condition failed: waiting for visibility of element located by By.id: flight-origin-hp-flight (tried for 20 second(s) with 500 milliseconds interval)
Build info: version: &amp;apos;3.141.59&amp;apos;, revision: &amp;apos;e82be7d358&amp;apos;, time: &amp;apos;2018-11-14T08:17:03&amp;apos;
System info: host: &amp;apos;CO-IT002705&amp;apos;, ip: &amp;apos;10.130.18.2&amp;apos;, os.name: &amp;apos;Windows 10&amp;apos;, os.arch: &amp;apos;amd64&amp;apos;, os.version: &amp;apos;10.0&amp;apos;, java.version: &amp;apos;1.8.0_221&amp;apos;
Driver info: org.openqa.selenium.chrome.ChromeDriver
Capabilities {acceptInsecureCerts: false, browserName: chrome, browserVersion: 76.0.3809.132, chrome: {chromedriverVersion: 76.0.3809.68 (420c9498db8ce..., userDataDir: C:\Users\ANDREA~1.BER\AppDa...}, goog:chromeOptions: {debuggerAddress: localhost:59400}, javascriptEnabled: true, networkConnectionEnabled: false, pageLoadStrategy: normal, platform: XP, platformName: XP, proxy: Proxy(), setWindowRect: true, strictFileInteractability: false, timeouts: {implicit: 0, pageLoad: 300000, script: 30000}, unhandledPromptBehavior: dismiss and notify}
Session ID: 5af7cf75266f1600336aeafd8b683945">
      <![CDATA[org.openqa.selenium.TimeoutException: Expected condition failed: waiting for visibility of element located by By.id: flight-origin-hp-flight (tried for 20 second(s) with 500 milliseconds interval)
Build info: version: '3.141.59', revision: 'e82be7d358', time: '2018-11-14T08:17:03'
System info: host: 'CO-IT002705', ip: '10.130.18.2', os.name: 'Windows 10', os.arch: 'amd64', os.version: '10.0', java.version: '1.8.0_221'
Driver info: org.openqa.selenium.chrome.ChromeDriver
Capabilities {acceptInsecureCerts: false, browserName: chrome, browserVersion: 76.0.3809.132, chrome: {chromedriverVersion: 76.0.3809.68 (420c9498db8ce..., userDataDir: C:\Users\ANDREA~1.BER\AppDa...}, goog:chromeOptions: {debuggerAddress: localhost:59400}, javascriptEnabled: true, networkConnectionEnabled: false, pageLoadStrategy: normal, platform: XP, platformName: XP, proxy: Proxy(), setWindowRect: true, strictFileInteractability: false, timeouts: {implicit: 0, pageLoad: 300000, script: 30000}, unhandledPromptBehavior: dismiss and notify}
Session ID: 5af7cf75266f1600336aeafd8b683945
at org.openqa.selenium.support.ui.WebDriverWait.timeoutException(WebDriverWait.java:95)
at org.openqa.selenium.support.ui.FluentWait.until(FluentWait.java:272)
at com.globant.testing.exercise1.pages.BasePage.waitFor(BasePage.java:77)
at com.globant.testing.exercise1.pages.BasePage.waitForVisibilityOf(BasePage.java:84)
at com.globant.testing.exercise1.pages.BasePage.type(BasePage.java:64)
at com.globant.testing.exercise1.pages.FlightsSearcherForm.completeForm(FlightsSearcherForm.java:92)
at com.globant.testing.exercise1.tests.buyTicketsBasicFlowTest.completeFormWithEmptyFieldsWhoIsTravelingTest(buyTicketsBasicFlowTest.java:79)
... Removed 25 stack frames]]>
    </failure>
  </testcase> <!-- completeFormWithEmptyFieldsWhoIsTravelingTest -->
</testsuite> <!-- ChromeTest -->
