<?xml version="1.0" encoding="UTF-8"?>
<!-- Generated by org.testng.reporters.JUnitReportReporter -->
<testsuite skipped="0" hostname="CO-IT002705" name="com.globant.testing.exercise1.tests.buyTicketsBasicFlowTest" tests="8" failures="0" timestamp="18 sep 2019 12:01:24 GMT" time="490.573" errors="1">
  <testcase name="completeFormTest" time="44.919" classname="com.globant.testing.exercise1.tests.buyTicketsBasicFlowTest"/>
  <testcase name="selectFlightsTest" time="83.016" classname="com.globant.testing.exercise1.tests.buyTicketsBasicFlowTest">
    <error type="org.openqa.selenium.TimeoutException" message="Expected condition failed: waiting for element ([[FirefoxDriver: firefox on WINDOWS (aa5ce36a-3b45-444f-bca6-6853b9e9999f)] -&gt; css selector: div[class=&quot;grid-container standard-padding &quot;]]) to become stale (tried for 50 second(s) with 500 milliseconds interval)
Build info: version: &#039;3.141.59&#039;, revision: &#039;e82be7d358&#039;, time: &#039;2018-11-14T08:17:03&#039;
System info: host: &#039;CO-IT002705&#039;, ip: &#039;10.130.18.2&#039;, os.name: &#039;Windows 10&#039;, os.arch: &#039;amd64&#039;, os.version: &#039;10.0&#039;, java.version: &#039;1.8.0_221&#039;
Driver info: org.openqa.selenium.firefox.FirefoxDriver
Capabilities {acceptInsecureCerts: true, browserName: firefox, browserVersion: 69.0, javascriptEnabled: true, moz:accessibilityChecks: false, moz:buildID: 20190827005903, moz:geckodriverVersion: 0.25.0, moz:headless: false, moz:processID: 11972, moz:profile: C:\Users\andrea.bertieri\Ap..., moz:shutdownTimeout: 60000, moz:useNonSpecCompliantPointerOrigin: false, moz:webdriverClick: true, pageLoadStrategy: normal, platform: WINDOWS, platformName: WINDOWS, platformVersion: 10.0, rotatable: false, setWindowRect: true, strictFileInteractability: false, timeouts: {implicit: 0, pageLoad: 300000, script: 30000}, unhandledPromptBehavior: dismiss and notify}
Session ID: aa5ce36a-3b45-444f-bca6-6853b9e9999f">
      <![CDATA[org.openqa.selenium.TimeoutException: Expected condition failed: waiting for element ([[FirefoxDriver: firefox on WINDOWS (aa5ce36a-3b45-444f-bca6-6853b9e9999f)] -> css selector: div[class="grid-container standard-padding "]]) to become stale (tried for 50 second(s) with 500 milliseconds interval)
Build info: version: '3.141.59', revision: 'e82be7d358', time: '2018-11-14T08:17:03'
System info: host: 'CO-IT002705', ip: '10.130.18.2', os.name: 'Windows 10', os.arch: 'amd64', os.version: '10.0', java.version: '1.8.0_221'
Driver info: org.openqa.selenium.firefox.FirefoxDriver
Capabilities {acceptInsecureCerts: true, browserName: firefox, browserVersion: 69.0, javascriptEnabled: true, moz:accessibilityChecks: false, moz:buildID: 20190827005903, moz:geckodriverVersion: 0.25.0, moz:headless: false, moz:processID: 11972, moz:profile: C:\Users\andrea.bertieri\Ap..., moz:shutdownTimeout: 60000, moz:useNonSpecCompliantPointerOrigin: false, moz:webdriverClick: true, pageLoadStrategy: normal, platform: WINDOWS, platformName: WINDOWS, platformVersion: 10.0, rotatable: false, setWindowRect: true, strictFileInteractability: false, timeouts: {implicit: 0, pageLoad: 300000, script: 30000}, unhandledPromptBehavior: dismiss and notify}
Session ID: aa5ce36a-3b45-444f-bca6-6853b9e9999f
at org.openqa.selenium.support.ui.WebDriverWait.timeoutException(WebDriverWait.java:95)
at org.openqa.selenium.support.ui.FluentWait.until(FluentWait.java:272)
at com.globant.testing.exercise1.pages.ResultFlightsPage.selectDepartureFlight(ResultFlightsPage.java:199)
at com.globant.testing.exercise1.tests.buyTicketsBasicFlowTest.selectFlightsTest(buyTicketsBasicFlowTest.java:59)
at sun.reflect.NativeMethodAccessorImpl.invoke0(Native Method)
at sun.reflect.NativeMethodAccessorImpl.invoke(NativeMethodAccessorImpl.java:62)
at sun.reflect.DelegatingMethodAccessorImpl.invoke(DelegatingMethodAccessorImpl.java:43)
at java.lang.reflect.Method.invoke(Method.java:498)
at org.testng.internal.MethodInvocationHelper.invokeMethod(MethodInvocationHelper.java:124)
at org.testng.internal.Invoker.invokeMethod(Invoker.java:583)
at org.testng.internal.Invoker.invokeTestMethod(Invoker.java:719)
at org.testng.internal.Invoker.invokeTestMethods(Invoker.java:989)
at org.testng.internal.TestMethodWorker.invokeTestMethods(TestMethodWorker.java:125)
at org.testng.internal.TestMethodWorker.run(TestMethodWorker.java:109)
at org.testng.TestRunner.privateRun(TestRunner.java:648)
at org.testng.TestRunner.run(TestRunner.java:505)
at org.testng.SuiteRunner.runTest(SuiteRunner.java:455)
at org.testng.SuiteRunner.runSequentially(SuiteRunner.java:450)
at org.testng.SuiteRunner.privateRun(SuiteRunner.java:415)
at org.testng.SuiteRunner.run(SuiteRunner.java:364)
at org.testng.SuiteRunnerWorker.runSuite(SuiteRunnerWorker.java:52)
at org.testng.SuiteRunnerWorker.run(SuiteRunnerWorker.java:84)
at org.testng.TestNG.runSuitesSequentially(TestNG.java:1208)
at org.testng.TestNG.runSuitesLocally(TestNG.java:1137)
at org.testng.TestNG.runSuites(TestNG.java:1049)
at org.testng.TestNG.run(TestNG.java:1017)
at org.apache.maven.surefire.testng.TestNGExecutor.run(TestNGExecutor.java:283)
at org.apache.maven.surefire.testng.TestNGXmlTestSuite.execute(TestNGXmlTestSuite.java:75)
at org.apache.maven.surefire.testng.TestNGProvider.invoke(TestNGProvider.java:120)
at org.apache.maven.surefire.booter.ForkedBooter.invokeProviderInSameClassLoader(ForkedBooter.java:384)
at org.apache.maven.surefire.booter.ForkedBooter.runSuitesInProcess(ForkedBooter.java:345)
at org.apache.maven.surefire.booter.ForkedBooter.execute(ForkedBooter.java:126)
at org.apache.maven.surefire.booter.ForkedBooter.main(ForkedBooter.java:418)
]]>
    </error>
  </testcase> <!-- selectFlightsTest -->
  <testcase name="whoIsTravelingTest" time="99.304" classname="com.globant.testing.exercise1.tests.buyTicketsBasicFlowTest"/>
  <testcase name="completeFormTest" time="28.772" classname="com.globant.testing.exercise1.tests.buyTicketsBasicFlowTest"/>
  <testcase name="whoIsTravelingTest" time="85.438" classname="com.globant.testing.exercise1.tests.buyTicketsBasicFlowTest"/>
  <testcase name="sortingFlightsResultTest" time="34.285" classname="com.globant.testing.exercise1.tests.buyTicketsBasicFlowTest"/>
  <testcase name="selectFlightsTest" time="85.620" classname="com.globant.testing.exercise1.tests.buyTicketsBasicFlowTest"/>
  <testcase name="sortingFlightsResultTest" time="29.219" classname="com.globant.testing.exercise1.tests.buyTicketsBasicFlowTest"/>
</testsuite> <!-- com.globant.testing.exercise1.tests.buyTicketsBasicFlowTest -->
